  Constellation.cpp
D:\Code\VS\LEOSimulation\Constellation.cpp(309,20): warning C4244: “初始化”: 从“double”转换到“int”，可能丢失数据
D:\Code\VS\LEOSimulation\Constellation.cpp(319,10): warning C4244: “初始化”: 从“double”转换到“int”，可能丢失数据
D:\Code\VS\LEOSimulation\Constellation.cpp(391,24): warning C4267: “=”: 从“size_t”转换到“int”，可能丢失数据
D:\Code\VS\LEOSimulation\Constellation.cpp(440,48): warning C4244: “参数”: 从“__int64”转换到“_Ty”，可能丢失数据
D:\Code\VS\LEOSimulation\Constellation.cpp(440,48): warning C4244:         with
D:\Code\VS\LEOSimulation\Constellation.cpp(440,48): warning C4244:         [
D:\Code\VS\LEOSimulation\Constellation.cpp(440,48): warning C4244:             _Ty=int
D:\Code\VS\LEOSimulation\Constellation.cpp(440,48): warning C4244:         ]
D:\Code\VS\LEOSimulation\Constellation.cpp(444,56): warning C4244: “参数”: 从“__int64”转换到“_Ty”，可能丢失数据
D:\Code\VS\LEOSimulation\Constellation.cpp(444,56): warning C4244:         with
D:\Code\VS\LEOSimulation\Constellation.cpp(444,56): warning C4244:         [
D:\Code\VS\LEOSimulation\Constellation.cpp(444,56): warning C4244:             _Ty=int
D:\Code\VS\LEOSimulation\Constellation.cpp(444,56): warning C4244:         ]
D:\Code\VS\LEOSimulation\Constellation.cpp(448,50): warning C4244: “参数”: 从“__int64”转换到“_Ty”，可能丢失数据
D:\Code\VS\LEOSimulation\Constellation.cpp(448,50): warning C4244:         with
D:\Code\VS\LEOSimulation\Constellation.cpp(448,50): warning C4244:         [
D:\Code\VS\LEOSimulation\Constellation.cpp(448,50): warning C4244:             _Ty=int
D:\Code\VS\LEOSimulation\Constellation.cpp(448,50): warning C4244:         ]
D:\Code\VS\LEOSimulation\Constellation.cpp(456,56): warning C4267: “参数”: 从“size_t”转换到“int”，可能丢失数据
D:\Code\VS\LEOSimulation\Constellation.cpp(458,56): warning C4267: “参数”: 从“size_t”转换到“int”，可能丢失数据
D:\Code\VS\LEOSimulation\Constellation.cpp(490,21): warning C4244: “return”: 从“__int64”转换到“int”，可能丢失数据
  LEOSimulation.vcxproj -> D:\Code\VS\LEOSimulation\x64\Debug\LEOSimulation.exe
